<?xml version="1.0" encoding="UTF-8"?>
<!-- Generated by org.testng.reporters.JUnitReportReporter -->
<testsuite hostname="LAPTOP-8BU1SF3T" failures="0" tests="1" name="NewTestNG" time="0.003" errors="0" timestamp="2021-08-26T12:34:13 IST" skipped="0">
  <testcase classname="NewTestNG" name="f" time="0.003"/>
  <system-out/>
</testsuite> <!-- NewTestNG -->
